[ERROR] 05-04-2024 04:56:01.315 pm [http-nio-9092-exec-2] com.rides.dao.RideDAO - No rides found for Driver with user Id 103
[INFO ] 06-04-2024 01:06:15.552 pm [http-nio-9092-exec-2] com.rides.dao.RideDAO - Ride booked successfully with ID 5
[INFO ] 06-04-2024 03:08:22.004 pm [http-nio-9092-exec-1] com.rides.dao.RideDAO - Ride booked successfully with ID 0
[INFO ] 06-04-2024 03:09:01.679 pm [http-nio-9092-exec-2] com.rides.dao.RideDAO - Ride booked successfully with ID 0
[INFO ] 06-04-2024 06:25:03.156 pm [http-nio-9092-exec-1] com.rides.dao.RideDAO - Ride booked successfully with ID 0
[ERROR] 06-04-2024 06:28:48.169 pm [http-nio-9092-exec-7] com.rides.dao.RideDAO - No rides found for Driver with driver Id 101
[ERROR] 07-04-2024 05:28:31.128 pm [main] com.rides.dao.RideDAO - No rides found for Driver with driver Id 1001
[ERROR] 07-04-2024 05:40:54.857 pm [main] com.rides.dao.RideDAO - No rides found for Driver with driver Id 1001
[ERROR] 07-04-2024 05:42:52.111 pm [main] com.rides.dao.RideDAO - No rides found for Driver with driver Id 1001
[INFO ] 07-04-2024 09:06:15.690 pm [http-nio-9092-exec-1] com.rides.dao.RideDAO - Ride booked successfully with ID 0
[INFO ] 08-04-2024 11:52:22.947 am [http-nio-9092-exec-1] com.rides.dao.RideDAO - Ride booked successfully with ID 0
[INFO ] 08-04-2024 11:59:49.303 am [http-nio-9092-exec-1] com.rides.dao.RideDAO - Ride booked successfully with ID 101
[ERROR] 08-04-2024 12:10:17.337 pm [main] com.rides.dao.RideDAO - No rides found for Driver with driver Id 102
[ERROR] 08-04-2024 12:10:18.201 pm [main] com.rides.dao.RideDAO - No rides found for Driver with driver Id 1001
[ERROR] 08-04-2024 12:10:18.265 pm [main] com.rides.dao.RideDAO - No rides found for Driver with user Id 102
[ERROR] 08-04-2024 12:10:24.997 pm [main] com.rides.dao.RideDAO - No rides found for Driver with driver Id 102
[ERROR] 08-04-2024 12:10:25.640 pm [main] com.rides.dao.RideDAO - No rides found for Driver with driver Id 1001
[ERROR] 08-04-2024 12:10:25.695 pm [main] com.rides.dao.RideDAO - No rides found for Driver with user Id 102
[ERROR] 08-04-2024 12:13:42.037 pm [main] com.rides.dao.RideDAO - No rides found for Driver with driver Id 102
[ERROR] 08-04-2024 12:13:42.408 pm [main] com.rides.dao.RideDAO - No rides found for Driver with driver Id 1001
[ERROR] 08-04-2024 12:13:42.462 pm [main] com.rides.dao.RideDAO - No rides found for Driver with user Id 102
[ERROR] 08-04-2024 12:15:10.247 pm [main] com.rides.dao.RideDAO - No rides found for Driver with driver Id 1001
[ERROR] 08-04-2024 12:15:10.335 pm [main] com.rides.dao.RideDAO - No rides found for Driver with user Id 102
[ERROR] 08-04-2024 12:16:17.533 pm [main] com.rides.dao.RideDAO - No rides found for Driver with driver Id 1001
[ERROR] 08-04-2024 09:30:53.389 pm [main] com.rides.dao.RideDAO - No rides found for Driver with driver Id 1001
[INFO ] 11-04-2024 08:51:14.586 pm [http-nio-9092-exec-4] com.rides.dao.RideDAO - Ride booked successfully with ID 0
[INFO ] 11-04-2024 11:04:40.655 pm [http-nio-9092-exec-2] com.rides.dao.RideDAO - Ride booked successfully with ID 102
[INFO ] 12-04-2024 11:07:53.633 am [http-nio-9092-exec-4] com.rides.dao.RideDAO - Ride booked successfully with ID 102
[INFO ] 12-04-2024 11:14:21.845 am [http-nio-9092-exec-8] com.rides.dao.RideDAO - Ride booked successfully with ID 102
[INFO ] 12-04-2024 02:28:03.454 pm [http-nio-9092-exec-3] com.rides.dao.RideDAO - Ride booked successfully with ID 102
[INFO ] 12-04-2024 02:39:50.601 pm [http-nio-9092-exec-5] com.rides.dao.RideDAO - Ride booked successfully with ID 102
[INFO ] 12-04-2024 02:50:45.875 pm [http-nio-9092-exec-7] com.rides.dao.RideDAO - Ride booked successfully with ID 102
[INFO ] 12-04-2024 02:53:19.391 pm [http-nio-9092-exec-9] com.rides.dao.RideDAO - Ride booked successfully with ID 102
[INFO ] 12-04-2024 02:57:18.789 pm [http-nio-9092-exec-1] com.rides.dao.RideDAO - Ride booked successfully with ID 102
[INFO ] 12-04-2024 03:43:20.192 pm [http-nio-9092-exec-5] com.rides.dao.RideDAO - Ride booked successfully with ID 102
[ERROR] 12-04-2024 03:45:34.857 pm [http-nio-9092-exec-8] com.rides.dao.RideDAO - No rides found for Driver with user Id 105
[ERROR] 12-04-2024 03:45:38.765 pm [http-nio-9092-exec-9] com.rides.dao.RideDAO - No rides found for Driver with user Id 105
[INFO ] 12-04-2024 05:01:45.248 pm [http-nio-9092-exec-2] com.rides.dao.RideDAO - Ride booked successfully with ID 102
[INFO ] 12-04-2024 08:20:59.022 pm [http-nio-9092-exec-10] com.rides.dao.RideDAO - Ride booked successfully with ID 103
[INFO ] 12-04-2024 10:35:57.555 pm [http-nio-9092-exec-2] com.rides.dao.RideDAO - Ride booked successfully with ID 104
[INFO ] 12-04-2024 10:37:17.599 pm [http-nio-9092-exec-5] com.rides.dao.RideDAO - Ride booked successfully with ID 105
[INFO ] 13-04-2024 10:09:48.691 am [http-nio-9092-exec-4] com.rides.dao.RideDAO - Ride booked successfully with ID 106
[INFO ] 13-04-2024 10:33:03.776 pm [http-nio-9092-exec-4] com.rides.dao.RideDAO - Ride booked successfully with ID 107
[INFO ] 13-04-2024 11:33:35.446 pm [http-nio-9092-exec-7] com.rides.dao.RideDAO - Ride booked successfully with ID 108
[INFO ] 13-04-2024 11:35:50.392 pm [http-nio-9092-exec-1] com.rides.dao.RideDAO - Ride booked successfully with ID 109
[INFO ] 14-04-2024 02:56:28.715 pm [http-nio-9092-exec-3] com.rides.dao.RideDAO - Ride booked successfully with ID 109
[INFO ] 14-04-2024 03:11:36.967 pm [http-nio-9092-exec-6] com.rides.dao.RideDAO - Ride booked successfully with ID 110
[INFO ] 14-04-2024 03:16:08.698 pm [http-nio-9092-exec-3] com.rides.dao.RideDAO - Ride booked successfully with ID 111
[INFO ] 14-04-2024 06:45:40.676 pm [http-nio-9092-exec-8] com.rides.dao.RideDAO - Ride booked successfully with ID 112
[INFO ] 14-04-2024 07:10:42.996 pm [http-nio-9092-exec-7] com.rides.dao.RideDAO - Ride booked successfully with ID 113
[INFO ] 14-04-2024 07:46:41.434 pm [http-nio-9092-exec-9] com.rides.dao.RideDAO - Ride booked successfully with ID 114
[INFO ] 14-04-2024 08:15:54.338 pm [http-nio-9092-exec-6] com.rides.dao.RideDAO - Ride booked successfully with ID 115
[INFO ] 14-04-2024 08:26:05.812 pm [http-nio-9092-exec-3] com.rides.dao.RideDAO - Ride booked successfully with ID 116
[INFO ] 14-04-2024 08:28:21.611 pm [http-nio-9092-exec-4] com.rides.dao.RideDAO - Ride booked successfully with ID 117
[INFO ] 14-04-2024 08:29:28.653 pm [http-nio-9092-exec-3] com.rides.dao.RideDAO - Ride booked successfully with ID 118
[INFO ] 14-04-2024 08:31:01.614 pm [http-nio-9092-exec-1] com.rides.dao.RideDAO - Ride booked successfully with ID 119
[INFO ] 14-04-2024 08:33:35.391 pm [http-nio-9092-exec-2] com.rides.dao.RideDAO - Ride booked successfully with ID 120
[INFO ] 14-04-2024 08:35:59.826 pm [http-nio-9092-exec-10] com.rides.dao.RideDAO - Ride booked successfully with ID 121
[INFO ] 14-04-2024 08:47:18.759 pm [http-nio-9092-exec-4] com.rides.dao.RideDAO - Ride booked successfully with ID 122
[ERROR] 14-04-2024 08:53:07.859 pm [http-nio-9092-exec-4] com.rides.dao.RideDAO - No rides found for Driver with user Id 111
[INFO ] 14-04-2024 09:58:53.589 pm [http-nio-9092-exec-2] com.rides.dao.RideDAO - Ride booked successfully with ID 123
[INFO ] 14-04-2024 10:08:46.024 pm [http-nio-9092-exec-6] com.rides.dao.RideDAO - Ride booked successfully with ID 124
[INFO ] 15-04-2024 11:34:05.829 am [http-nio-9092-exec-7] com.rides.dao.RideDAO - Ride booked successfully with ID 125
[INFO ] 15-04-2024 11:51:58.794 am [http-nio-9092-exec-7] com.rides.dao.RideDAO - Ride booked successfully with ID 126
[INFO ] 15-04-2024 11:59:48.922 am [http-nio-9092-exec-4] com.rides.dao.RideDAO - Ride booked successfully with ID 127
[INFO ] 15-04-2024 12:07:24.938 pm [http-nio-9092-exec-4] com.rides.dao.RideDAO - Ride booked successfully with ID 128
[INFO ] 15-04-2024 12:43:04.232 pm [http-nio-9092-exec-3] com.rides.dao.RideDAO - Ride booked successfully with ID 129
[INFO ] 15-04-2024 03:35:39.891 pm [http-nio-9092-exec-1] com.rides.dao.RideDAO - Ride booked successfully with ID 130
